  [4;36;1mSQL (0.3ms)[0m   [0;1m SELECT name
 FROM sqlite_master
 WHERE type = 'table' AND NOT name = 'sqlite_sequence'
[0m
  [4;35;1mSQL (0.3ms)[0m   [0mselect sqlite_version(*)[0m
  [4;36;1mSQL (1.8ms)[0m   [0;1mCREATE TABLE "schema_migrations" ("version" varchar(255) NOT NULL) [0m
  [4;35;1mSQL (0.2ms)[0m   [0mPRAGMA index_list("schema_migrations")[0m
  [4;36;1mSQL (2.0ms)[0m   [0;1mCREATE UNIQUE INDEX "unique_schema_migrations" ON "schema_migrations" ("version")[0m
  [4;35;1mSQL (0.5ms)[0m   [0m SELECT name
 FROM sqlite_master
 WHERE type = 'table' AND NOT name = 'sqlite_sequence'
[0m
  [4;36;1mSQL (0.2ms)[0m   [0;1mSELECT version FROM schema_migrations[0m
Migrating to CreateUsers (20110110164902)
  [4;35;1mSQL (0.6ms)[0m   [0mCREATE TABLE "users" ("id" INTEGER PRIMARY KEY AUTOINCREMENT NOT NULL, "username" varchar(255), "email" varchar(255), "password_hash" varchar(255), "password_salt" varchar(255), "created_at" datetime, "updated_at" datetime) [0m
  [4;36;1mSQL (0.2ms)[0m   [0;1mINSERT INTO schema_migrations (version) VALUES ('20110110164902')[0m
  [4;35;1mSQL (0.5ms)[0m   [0m SELECT name
 FROM sqlite_master
 WHERE type = 'table' AND NOT name = 'sqlite_sequence'
[0m
  [4;36;1mSQL (0.3ms)[0m   [0;1mSELECT version FROM schema_migrations[0m
  [4;35;1mSQL (0.4ms)[0m   [0m SELECT name
 FROM sqlite_master
 WHERE type = 'table' AND NOT name = 'sqlite_sequence'
[0m
  [4;36;1mSQL (0.1ms)[0m   [0;1mPRAGMA index_list("users")[0m


Processing UsersController#index (for 127.0.0.1 at 2011-01-10 14:13:28) [GET]
  Parameters: {"action"=>"index", "controller"=>"users"}

ActionController::UnknownAction (No action responded to index. Actions: create, current_user, logged_in?, login_required, new, and redirect_to_target_or_default):
  

Rendering rescues/layout (not_found)


Processing UsersController#show (for 127.0.0.1 at 2011-01-10 14:14:19) [GET]
  Parameters: {"action"=>"show", "id"=>"create", "controller"=>"users"}

ActionController::UnknownAction (No action responded to show. Actions: create, current_user, logged_in?, login_required, new, and redirect_to_target_or_default):
  

Rendering rescues/layout (not_found)


Processing UsersController#show (for 127.0.0.1 at 2011-01-10 14:19:39) [GET]
  Parameters: {"action"=>"show", "id"=>"1", "controller"=>"users"}

ActionController::UnknownAction (No action responded to show. Actions: create, current_user, logged_in?, login_required, new, and redirect_to_target_or_default):
  

Rendering rescues/layout (not_found)


Processing UsersController#index (for 127.0.0.1 at 2011-01-10 14:19:42) [GET]
  Parameters: {"action"=>"index", "controller"=>"users"}

ActionController::UnknownAction (No action responded to index. Actions: create, current_user, logged_in?, login_required, new, and redirect_to_target_or_default):
  

Rendering rescues/layout (not_found)


Processing UsersController#new (for 127.0.0.1 at 2011-01-10 14:19:52) [GET]
  Parameters: {"action"=>"new", "controller"=>"users"}
Rendering users/new

ActionView::TemplateError (undefined method `title' for #<ActionView::Base:0x24d0d6c>) on line #1 of app/views/users/new.html.erb:
1: <% title "Sign up" %>
2: 
3: <p>Already have an account? <%= link_to "Log in", login_path %>.</p>
4: 

    app/views/users/new.html.erb:1

Rendered rescues/_trace (88.7ms)
Rendered rescues/_request_and_response (2.7ms)
Rendering rescues/layout (internal_server_error)


Processing UsersController#new (for 127.0.0.1 at 2011-01-10 14:22:12) [GET]
  Parameters: {"action"=>"new", "controller"=>"users"}
Rendering template within layouts/application
Rendering users/new
Completed in 76ms (View: 56, DB: 0) | 200 OK [http://localhost/users/new]


Processing SessionsController#new (for 127.0.0.1 at 2011-01-10 14:22:22) [GET]
  Parameters: {"action"=>"new", "controller"=>"sessions"}
Rendering template within layouts/application
Rendering sessions/new
Completed in 91ms (View: 83, DB: 0) | 200 OK [http://localhost/login]


Processing UsersController#new (for 127.0.0.1 at 2011-01-10 14:22:24) [GET]
  Parameters: {"action"=>"new", "controller"=>"users"}
Rendering template within layouts/application
Rendering users/new
Completed in 38ms (View: 18, DB: 0) | 200 OK [http://localhost/signup]


Processing UsersController#create (for 127.0.0.1 at 2011-01-10 14:22:47) [POST]
  Parameters: {"commit"=>"Sign up", "action"=>"create", "authenticity_token"=>"Koc1mEC0cClaFRU0lI9inWPMHAe2svHzXLLT35SgqKE=", "controller"=>"users", "user"=>{"password_confirmation"=>"[FILTERED]", "username"=>"tjobrien", "password"=>"[FILTERED]", "email"=>"tobrien999@mac.com"}}
  [4;36;1mUser Load (0.2ms)[0m   [0;1mSELECT "users".id FROM "users" WHERE ("users"."username" = 'tjobrien') LIMIT 1[0m
  [4;35;1mUser Load (0.1ms)[0m   [0mSELECT "users".id FROM "users" WHERE ("users"."email" = 'tobrien999@mac.com') LIMIT 1[0m
  [4;36;1mUser Create (0.5ms)[0m   [0;1mINSERT INTO "users" ("created_at", "updated_at", "username", "password_salt", "password_hash", "email") VALUES('2011-01-10 21:22:48', '2011-01-10 21:22:48', 'tjobrien', 'ff261b363f9494a59d3022f4333760b0f950ef5c', '58c201d002da8797a6f036e956a8f1faec881a1b', 'tobrien999@mac.com')[0m

NameError (undefined local variable or method `root_url' for #<UsersController:0x24d90fc>):
  app/controllers/users_controller.rb:11:in `create'

Rendered rescues/_trace (73.8ms)
Rendered rescues/_request_and_response (2.9ms)
Rendering rescues/layout (internal_server_error)


Processing UsersController#index (for 127.0.0.1 at 2011-01-10 14:29:01) [GET]
  Parameters: {"action"=>"index", "controller"=>"users"}

ActionController::UnknownAction (No action responded to index. Actions: create, current_user, logged_in?, login_required, new, and redirect_to_target_or_default):
  

Rendering rescues/layout (not_found)


Processing UsersController#new (for 127.0.0.1 at 2011-01-10 14:29:16) [GET]
  Parameters: {"action"=>"new", "controller"=>"users"}
Rendering template within layouts/application
Rendering users/new
Completed in 39ms (View: 20, DB: 0) | 200 OK [http://localhost/users/new]


Processing SessionsController#new (for 127.0.0.1 at 2011-01-10 14:29:19) [GET]
  Parameters: {"action"=>"new", "controller"=>"sessions"}
Rendering template within layouts/application
Rendering sessions/new
Completed in 13ms (View: 6, DB: 0) | 200 OK [http://localhost/login]


Processing SessionsController#create (for 127.0.0.1 at 2011-01-10 14:29:27) [POST]
  Parameters: {"commit"=>"Log in", "action"=>"create", "authenticity_token"=>"Koc1mEC0cClaFRU0lI9inWPMHAe2svHzXLLT35SgqKE=", "controller"=>"sessions", "login"=>"tjobrien", "password"=>"[FILTERED]"}
  [4;35;1mUser Load (0.6ms)[0m   [0mSELECT * FROM "users" WHERE ("users"."username" = 'tjobrien') LIMIT 1[0m
Redirected to http://localhost:3000/
Completed in 56ms (DB: 1) | 302 Found [http://localhost/sessions]


Processing UsersController#index (for 127.0.0.1 at 2011-01-10 14:29:38) [GET]
  Parameters: {"action"=>"index", "controller"=>"users"}

ActionController::UnknownAction (No action responded to index. Actions: create, current_user, logged_in?, login_required, new, and redirect_to_target_or_default):
  

Rendering rescues/layout (not_found)


Processing UsersController#new (for 127.0.0.1 at 2011-01-10 14:29:42) [GET]
  Parameters: {"action"=>"new", "controller"=>"users"}
Rendering template within layouts/application
Rendering users/new
Completed in 38ms (View: 18, DB: 0) | 200 OK [http://localhost/users/new]


Processing UsersController#create (for 127.0.0.1 at 2011-01-10 14:30:00) [POST]
  Parameters: {"commit"=>"Sign up", "action"=>"create", "authenticity_token"=>"Koc1mEC0cClaFRU0lI9inWPMHAe2svHzXLLT35SgqKE=", "controller"=>"users", "user"=>{"password_confirmation"=>"[FILTERED]", "username"=>"fawn", "password"=>"[FILTERED]", "email"=>"fawn@fawncheng.com"}}
  [4;36;1mUser Load (0.2ms)[0m   [0;1mSELECT "users".id FROM "users" WHERE ("users"."username" = 'fawn') LIMIT 1[0m
  [4;35;1mUser Load (0.1ms)[0m   [0mSELECT "users".id FROM "users" WHERE ("users"."email" = 'fawn@fawncheng.com') LIMIT 1[0m
  [4;36;1mUser Create (0.4ms)[0m   [0;1mINSERT INTO "users" ("created_at", "updated_at", "username", "password_salt", "password_hash", "email") VALUES('2011-01-10 21:30:01', '2011-01-10 21:30:01', 'fawn', 'fd9d36716a2d9dc3cdc59235218467a6fc0a16d0', 'f0293e6532d55c63d6e82676bfda606791e3518c', 'fawn@fawncheng.com')[0m
Redirected to http://localhost:3000/
Completed in 34ms (DB: 1) | 302 Found [http://localhost/users]


Processing ApplicationController#index (for 127.0.0.1 at 2011-01-10 14:31:02) [GET]

ActionController::RoutingError (No route matches "/new" with {:method=>:get}):
  

Rendering rescues/layout (not_found)


Processing UsersController#index (for 127.0.0.1 at 2011-01-10 14:31:08) [GET]
  Parameters: {"action"=>"index", "controller"=>"users"}

ActionController::UnknownAction (No action responded to index. Actions: create, current_user, logged_in?, login_required, new, and redirect_to_target_or_default):
  

Rendering rescues/layout (not_found)


Processing UsersController#new (for 127.0.0.1 at 2011-01-10 14:31:11) [GET]
  Parameters: {"action"=>"new", "controller"=>"users"}
Rendering template within layouts/application
Rendering users/new
Completed in 38ms (View: 18, DB: 0) | 200 OK [http://localhost/users/new]


Processing SessionsController#new (for 127.0.0.1 at 2011-01-10 14:31:17) [GET]
  Parameters: {"action"=>"new", "controller"=>"sessions"}
Rendering template within layouts/application
Rendering sessions/new
Completed in 13ms (View: 6, DB: 0) | 200 OK [http://localhost/login]


Processing SessionsController#create (for 127.0.0.1 at 2011-01-10 14:31:25) [POST]
  Parameters: {"commit"=>"Log in", "action"=>"create", "authenticity_token"=>"Koc1mEC0cClaFRU0lI9inWPMHAe2svHzXLLT35SgqKE=", "controller"=>"sessions", "login"=>"tjobrien", "password"=>"[FILTERED]"}
  [4;35;1mUser Load (0.6ms)[0m   [0mSELECT * FROM "users" WHERE ("users"."username" = 'tjobrien') LIMIT 1[0m
Rendering template within layouts/application
Rendering sessions/new
Completed in 101ms (View: 5, DB: 1) | 200 OK [http://localhost/sessions]


Processing SessionsController#create (for 127.0.0.1 at 2011-01-10 14:31:30) [POST]
  Parameters: {"commit"=>"Log in", "action"=>"create", "authenticity_token"=>"Koc1mEC0cClaFRU0lI9inWPMHAe2svHzXLLT35SgqKE=", "controller"=>"sessions", "login"=>"tjobrien", "password"=>"[FILTERED]"}
  [4;36;1mUser Load (0.6ms)[0m   [0;1mSELECT * FROM "users" WHERE ("users"."username" = 'tjobrien') LIMIT 1[0m
Redirected to http://localhost:3000/
Completed in 25ms (DB: 1) | 302 Found [http://localhost/sessions]


Processing ApplicationController#index (for 127.0.0.1 at 2011-01-10 14:32:25) [GET]

ActionController::RoutingError (No route matches "/new" with {:method=>:get}):
  

Rendering rescues/layout (not_found)


Processing UsersController#new (for 127.0.0.1 at 2011-01-10 14:32:29) [GET]
  Parameters: {"action"=>"new", "controller"=>"users"}
Rendering template within layouts/application
Rendering users/new
Completed in 38ms (View: 19, DB: 0) | 200 OK [http://localhost/users/new]


Processing SessionsController#new (for 127.0.0.1 at 2011-01-10 14:32:31) [GET]
  Parameters: {"action"=>"new", "controller"=>"sessions"}
Rendering template within layouts/application
Rendering sessions/new
Completed in 13ms (View: 6, DB: 0) | 200 OK [http://localhost/login]


Processing SessionsController#create (for 127.0.0.1 at 2011-01-10 14:32:39) [POST]
  Parameters: {"commit"=>"Log in", "action"=>"create", "authenticity_token"=>"Koc1mEC0cClaFRU0lI9inWPMHAe2svHzXLLT35SgqKE=", "controller"=>"sessions", "login"=>"tjobrien", "password"=>"[FILTERED]"}
  [4;35;1mUser Load (0.6ms)[0m   [0mSELECT * FROM "users" WHERE ("users"."username" = 'tjobrien') LIMIT 1[0m
Redirected to http://localhost:3000/
Completed in 25ms (DB: 1) | 302 Found [http://localhost/sessions]


Processing UsersController#new (for 127.0.0.1 at 2011-01-10 14:33:30) [GET]
  Parameters: {"action"=>"new", "controller"=>"users"}
Rendering template within layouts/application
Rendering users/new
Completed in 62ms (View: 42, DB: 0) | 200 OK [http://localhost/users/new]


Processing UsersController#index (for 127.0.0.1 at 2011-01-10 14:33:36) [GET]
  Parameters: {"action"=>"index", "controller"=>"users"}
Rendering template within layouts/application
Rendering users/index
Completed in 87ms (View: 79, DB: 0) | 200 OK [http://localhost/users/]


Processing UsersController#show (for 127.0.0.1 at 2011-01-10 14:33:39) [GET]
  Parameters: {"action"=>"show", "id"=>"index", "controller"=>"users"}

ActionController::UnknownAction (No action responded to show. Actions: create, current_user, index, logged_in?, login_required, new, and redirect_to_target_or_default):
  

Rendering rescues/layout (not_found)


Processing UsersController#show (for 127.0.0.1 at 2011-01-10 14:33:49) [GET]
  Parameters: {"action"=>"show", "id"=>"root_url", "controller"=>"users"}

ActionController::UnknownAction (No action responded to show. Actions: create, current_user, index, logged_in?, login_required, new, and redirect_to_target_or_default):
  

Rendering rescues/layout (not_found)


Processing UsersController#new (for 127.0.0.1 at 2011-01-10 14:33:54) [GET]
  Parameters: {"action"=>"new", "controller"=>"users"}
Rendering template within layouts/application
Rendering users/new
Completed in 38ms (View: 18, DB: 0) | 200 OK [http://localhost/users/new]


Processing SessionsController#new (for 127.0.0.1 at 2011-01-10 14:33:57) [GET]
  Parameters: {"action"=>"new", "controller"=>"sessions"}
Rendering template within layouts/application
Rendering sessions/new
Completed in 22ms (View: 15, DB: 0) | 200 OK [http://localhost/login]


Processing SessionsController#create (for 127.0.0.1 at 2011-01-10 14:34:08) [POST]
  Parameters: {"commit"=>"Log in", "action"=>"create", "authenticity_token"=>"Koc1mEC0cClaFRU0lI9inWPMHAe2svHzXLLT35SgqKE=", "controller"=>"sessions", "login"=>"fawn", "password"=>"[FILTERED]"}
  [4;36;1mUser Load (0.6ms)[0m   [0;1mSELECT * FROM "users" WHERE ("users"."username" = 'fawn') LIMIT 1[0m
Redirected to http://localhost:3000/
Completed in 44ms (DB: 1) | 302 Found [http://localhost/sessions]


Processing UsersController#index (for 127.0.0.1 at 2011-01-10 14:38:57) [GET]
  Parameters: {"action"=>"index", "controller"=>"users"}
Rendering template within layouts/application
Rendering users/index
Completed in 47ms (View: 40, DB: 0) | 200 OK [http://localhost/users/]


Processing UsersController#new (for 127.0.0.1 at 2011-01-10 14:39:03) [GET]
  Parameters: {"action"=>"new", "controller"=>"users"}
Rendering template within layouts/application
Rendering users/new
Completed in 117ms (View: 97, DB: 0) | 200 OK [http://localhost/users/new]


Processing SessionsController#new (for 127.0.0.1 at 2011-01-10 14:39:05) [GET]
  Parameters: {"action"=>"new", "controller"=>"sessions"}
Rendering template within layouts/application
Rendering sessions/new
Completed in 22ms (View: 14, DB: 0) | 200 OK [http://localhost/login]


Processing SessionsController#create (for 127.0.0.1 at 2011-01-10 14:39:13) [POST]
  Parameters: {"commit"=>"Log in", "action"=>"create", "authenticity_token"=>"ebV3/tAwQh6JOndvLJyKLdBCcGQrR0lrpZesAj0rD10=", "controller"=>"sessions", "login"=>"tjobrien", "password"=>"[FILTERED]"}
  [4;36;1mUser Load (0.6ms)[0m   [0;1mSELECT * FROM "users" WHERE ("users"."username" = 'tjobrien') LIMIT 1[0m
Redirected to http://localhost:3000/
Completed in 44ms (DB: 1) | 302 Found [http://localhost/sessions]


Processing ApplicationController#index (for 127.0.0.1 at 2011-01-10 14:40:00) [GET]
  Parameters: {"action"=>"index", "controller"=>"site"}

NameError (uninitialized constant SiteController):
  

Rendered rescues/_trace (64.0ms)
Rendered rescues/_request_and_response (2.6ms)
Rendering rescues/layout (internal_server_error)


Processing UsersController#new (for 127.0.0.1 at 2011-01-10 14:40:11) [GET]
  Parameters: {"action"=>"new", "controller"=>"users"}
Rendering template within layouts/application
Rendering users/new
Completed in 38ms (View: 18, DB: 0) | 200 OK [http://localhost/users/new]


Processing SessionsController#new (for 127.0.0.1 at 2011-01-10 14:40:14) [GET]
  Parameters: {"action"=>"new", "controller"=>"sessions"}
Rendering template within layouts/application
Rendering sessions/new
Completed in 13ms (View: 6, DB: 0) | 200 OK [http://localhost/login]


Processing SessionsController#create (for 127.0.0.1 at 2011-01-10 14:40:20) [POST]
  Parameters: {"commit"=>"Log in", "action"=>"create", "authenticity_token"=>"ebV3/tAwQh6JOndvLJyKLdBCcGQrR0lrpZesAj0rD10=", "controller"=>"sessions", "login"=>"tjobrien", "password"=>"[FILTERED]"}
  [4;35;1mUser Load (0.6ms)[0m   [0mSELECT * FROM "users" WHERE ("users"."username" = 'tjobrien') LIMIT 1[0m
Redirected to http://localhost:3000/
Completed in 25ms (DB: 1) | 302 Found [http://localhost/sessions]


Processing ApplicationController#index (for 127.0.0.1 at 2011-01-10 14:40:20) [GET]
  Parameters: {"action"=>"index", "controller"=>"site"}

NameError (uninitialized constant SiteController):
  

Rendered rescues/_trace (138.1ms)
Rendered rescues/_request_and_response (0.6ms)
Rendering rescues/layout (internal_server_error)


Processing ApplicationController#index (for 127.0.0.1 at 2011-01-10 14:53:41) [GET]
  Parameters: {"action"=>"index", "controller"=>"site"}

NameError (uninitialized constant SiteController):
  

Rendered rescues/_trace (134.4ms)
Rendered rescues/_request_and_response (2.6ms)
Rendering rescues/layout (internal_server_error)


Processing UsersController#new (for 127.0.0.1 at 2011-01-10 14:53:44) [GET]
  Parameters: {"action"=>"new", "controller"=>"users"}
Rendering template within layouts/application
Rendering users/new
Completed in 72ms (View: 52, DB: 0) | 200 OK [http://localhost/signup]


Processing SessionsController#new (for 127.0.0.1 at 2011-01-10 14:53:48) [GET]
  Parameters: {"action"=>"new", "controller"=>"sessions"}
Rendering template within layouts/application
Rendering sessions/new
Completed in 23ms (View: 15, DB: 0) | 200 OK [http://localhost/login]


Processing SessionsController#index (for 127.0.0.1 at 2011-01-10 14:53:57) [GET]
  Parameters: {"action"=>"index", "controller"=>"sessions"}

ActionController::UnknownAction (No action responded to index. Actions: create, current_user, destroy, logged_in?, login_required, new, and redirect_to_target_or_default):
  

Rendering rescues/layout (not_found)


Processing SessionsController#show (for 127.0.0.1 at 2011-01-10 14:54:02) [GET]
  Parameters: {"action"=>"show", "id"=>"login", "controller"=>"sessions"}

ActionController::UnknownAction (No action responded to show. Actions: create, current_user, destroy, logged_in?, login_required, new, and redirect_to_target_or_default):
  

Rendering rescues/layout (not_found)


Processing UsersController#new (for 127.0.0.1 at 2011-01-10 14:57:07) [GET]
  Parameters: {"action"=>"new", "controller"=>"users"}
Rendering template within layouts/application
Rendering users/new
Completed in 38ms (View: 18, DB: 0) | 200 OK [http://localhost/signup]


Processing SessionsController#destroy (for 127.0.0.1 at 2011-01-10 14:57:17) [GET]
  Parameters: {"action"=>"destroy", "controller"=>"sessions"}
Redirected to http://localhost:3000/
Completed in 9ms (DB: 0) | 302 Found [http://localhost/logout]


Processing ApplicationController#index (for 127.0.0.1 at 2011-01-10 14:57:17) [GET]
  Parameters: {"action"=>"index", "controller"=>"site"}

NameError (uninitialized constant SiteController):
  

Rendered rescues/_trace (139.2ms)
Rendered rescues/_request_and_response (0.6ms)
Rendering rescues/layout (internal_server_error)


Processing SessionsController#new (for 127.0.0.1 at 2011-01-10 14:58:15) [GET]
  Parameters: {"action"=>"new", "controller"=>"sessions"}
Rendering template within layouts/application
Rendering sessions/new
Completed in 14ms (View: 6, DB: 0) | 200 OK [http://localhost/login]


Processing UsersController#new (for 127.0.0.1 at 2011-01-10 14:58:19) [GET]
  Parameters: {"action"=>"new", "controller"=>"users"}
Rendering template within layouts/application
Rendering users/new
Completed in 39ms (View: 19, DB: 0) | 200 OK [http://localhost/signup]


Processing SessionsController#new (for 127.0.0.1 at 2011-01-10 14:58:22) [GET]
  Parameters: {"action"=>"new", "controller"=>"sessions"}
Rendering template within layouts/application
Rendering sessions/new
Completed in 13ms (View: 6, DB: 0) | 200 OK [http://localhost/login]


Processing SessionsController#create (for 127.0.0.1 at 2011-01-10 14:58:30) [POST]
  Parameters: {"commit"=>"Log in", "action"=>"create", "authenticity_token"=>"uWtQkt15jLV5P9XR8pG3X/J4ltHqFnK/MrKOozLiOzw=", "controller"=>"sessions", "login"=>"tjobrien", "password"=>"[FILTERED]"}
  [4;36;1mUser Load (0.6ms)[0m   [0;1mSELECT * FROM "users" WHERE ("users"."username" = 'tjobrien') LIMIT 1[0m
Redirected to http://localhost:3000/
Completed in 44ms (DB: 1) | 302 Found [http://localhost/sessions]


Processing ApplicationController#index (for 127.0.0.1 at 2011-01-10 14:58:30) [GET]
  Parameters: {"action"=>"index", "controller"=>"users/index"}

NameError (uninitialized constant Users):
  

Rendered rescues/_trace (62.2ms)
Rendered rescues/_request_and_response (0.6ms)
Rendering rescues/layout (internal_server_error)


Processing UsersController#index (for 127.0.0.1 at 2011-01-10 14:59:22) [GET]
  Parameters: {"action"=>"index", "controller"=>"users"}
Rendering template within layouts/application
Rendering users/index
Completed in 19ms (View: 11, DB: 0) | 200 OK [http://localhost/]


Processing UsersController#index (for 127.0.0.1 at 2011-01-10 15:09:54) [GET]
  Parameters: {"action"=>"index", "controller"=>"users"}
Rendering template within layouts/application
Rendering users/index
Completed in 35ms (View: 27, DB: 0) | 200 OK [http://localhost/]


Processing WelcomeController#index (for 127.0.0.1 at 2011-01-10 15:10:16) [GET]
  Parameters: {"action"=>"index", "controller"=>"welcome"}
Rendering template within layouts/application
Rendering welcome/index
Completed in 18ms (View: 11, DB: 0) | 200 OK [http://localhost/]


Processing SessionsController#new (for 127.0.0.1 at 2011-01-10 15:10:20) [GET]
  Parameters: {"action"=>"new", "controller"=>"sessions"}
Rendering template within layouts/application
Rendering sessions/new
Completed in 22ms (View: 14, DB: 0) | 200 OK [http://localhost/login]


Processing UsersController#new (for 127.0.0.1 at 2011-01-10 15:10:22) [GET]
  Parameters: {"action"=>"new", "controller"=>"users"}
Rendering template within layouts/application
Rendering users/new
Completed in 50ms (View: 30, DB: 0) | 200 OK [http://localhost/signup]
